<?xml version="1.0" encoding="UTF-8"?>
<!-- Generated by org.testng.reporters.JUnitReportReporter -->
<testsuite hostname="DESKTOP-BBHK0OG" failures="0" tests="1" name="com.Rest_assure_Demo.Day1.Pojopayload" time="2.947" errors="0" timestamp="2025-03-19T11:24:30 IST" skipped="0">
  <testcase classname="com.Rest_assure_Demo.Day1.Pojopayload" name="payload2" time="2.947"/>
</testsuite> <!-- com.Rest_assure_Demo.Day1.Pojopayload -->
