<?xml version="1.0" encoding="UTF-8"?>
<!-- Generated by org.testng.reporters.JUnitReportReporter -->
<testsuite hostname="DESKTOP-BBHK0OG" failures="0" tests="2" name="com.Rest_assure_Demo.Day1.HttpMethods" time="1.904" errors="0" timestamp="2025-03-18T12:02:18 IST" skipped="0">
  <testcase classname="com.Rest_assure_Demo.Day1.HttpMethods" name="getSingleUser1" time="1.847"/>
  <testcase classname="com.Rest_assure_Demo.Day1.HttpMethods" name="getSingleUser" time="0.057"/>
</testsuite> <!-- com.Rest_assure_Demo.Day1.HttpMethods -->
