<?xml version="1.0" encoding="UTF-8"?>
<!-- Generated by org.testng.reporters.JUnitReportReporter -->
<testsuite hostname="DESKTOP-BBHK0OG" failures="0" tests="1" name="com.Rest_assure_Demo.Day1.Payload" time="3.098" errors="0" timestamp="2025-03-19T11:15:53 IST" skipped="0">
  <testcase classname="com.Rest_assure_Demo.Day1.Payload" name="payloasd1" time="3.098"/>
</testsuite> <!-- com.Rest_assure_Demo.Day1.Payload -->
