<?xml version="1.0" encoding="UTF-8"?>
<!-- Generated by org.testng.reporters.JUnitReportReporter -->
<testsuite hostname="DESKTOP-BBHK0OG" failures="0" tests="1" name="Testcases1.Logintest" time="2.182" errors="0" timestamp="2025-03-22T20:40:20 IST" skipped="0">
  <testcase classname="Testcases1.Logintest" name="Login" time="2.182"/>
</testsuite> <!-- Testcases1.Logintest -->
